@!@!@STARTMSG 2262:0 @!@!@
TLC2 Version 2.15 of Day Month 20?? (rev: eb3ff99)
@!@!@ENDMSG 2262 @!@!@
@!@!@STARTMSG 2187:0 @!@!@
Running breadth-first search Model-Checking with fp 57 and seed 8438512482972965648 with 8 workers on 16 cores with 1209MB heap and 2715MB offheap memory [pid: 336] (Windows 10 10.0 amd64, AdoptOpenJDK 14.0.1 x86_64, OffHeapDiskFPSet, DiskStateQueue).
@!@!@ENDMSG 2187 @!@!@
@!@!@STARTMSG 2220:0 @!@!@
Starting SANY...
@!@!@ENDMSG 2220 @!@!@
Parsing file C:\Users\bcspe\Documents\Foundations\foundations-tlaplus\project.toolbox\Roomba2\MC.tla
Parsing file C:\Users\bcspe\Documents\Foundations\foundations-tlaplus\project.toolbox\Roomba2\project.tla
Parsing file C:\Users\bcspe\Documents\Programs\TLAToolbox-1.7.0-win32.win32.x86_64\toolbox\plugins\org.lamport.tlatools_1.0.0.202004251858\tla2sany\StandardModules\TLC.tla
Parsing file C:\Users\bcspe\Documents\Programs\TLAToolbox-1.7.0-win32.win32.x86_64\toolbox\plugins\org.lamport.tlatools_1.0.0.202004251858\tla2sany\StandardModules\Sequences.tla
Parsing file C:\Users\bcspe\Documents\Programs\TLAToolbox-1.7.0-win32.win32.x86_64\toolbox\plugins\org.lamport.tlatools_1.0.0.202004251858\tla2sany\StandardModules\Naturals.tla
Parsing file C:\Users\bcspe\Documents\Programs\TLAToolbox-1.7.0-win32.win32.x86_64\toolbox\plugins\org.lamport.tlatools_1.0.0.202004251858\tla2sany\StandardModules\FiniteSets.tla
Semantic processing of module Naturals
Semantic processing of module Sequences
Semantic processing of module project
Semantic processing of module FiniteSets
Semantic processing of module TLC
Semantic processing of module MC
@!@!@STARTMSG 2219:0 @!@!@
SANY finished.
@!@!@ENDMSG 2219 @!@!@
@!@!@STARTMSG 2185:0 @!@!@
Starting... (2023-01-26 21:18:38)
@!@!@ENDMSG 2185 @!@!@
@!@!@STARTMSG 2189:0 @!@!@
Computing initial states...
@!@!@ENDMSG 2189 @!@!@
@!@!@STARTMSG 2190:0 @!@!@
Finished computing initial states: 1 distinct state generated at 2023-01-26 21:18:39.
@!@!@ENDMSG 2190 @!@!@
@!@!@STARTMSG 1000:1 @!@!@
TLC threw an unexpected exception.
This was probably caused by an error in the spec or model.
See the User Output or TLC Console for clues to what happened.
The exception was a java.lang.RuntimeException
: @!@!@STARTMSG 2280:0 @!@!@
In evaluation, the identifier qcur is either undefined or not an operator.
line 68, col 5 to line 68, col 8 of module project
@!@!@ENDMSG 2280 @!@!@
@!@!@ENDMSG 1000 @!@!@
@!@!@STARTMSG 2121:1 @!@!@
The behavior up to this point is:
@!@!@ENDMSG 2121 @!@!@
@!@!@STARTMSG 2217:4 @!@!@
1: <Initial predicate>
/\ str = <<"s", "b", "t", "b", "b", "t", "l", "b", "t", "r">>
/\ qcur = "charging"

@!@!@ENDMSG 2217 @!@!@
@!@!@STARTMSG 2103:1 @!@!@
The error occurred when TLC was evaluating the nested
expressions at the following positions:
0. Line 65, column 1 to line 68, column 51 in project
1. Line 68, column 3 to line 68, column 51 in project
2. Line 68, column 3 to line 68, column 16 in project
3. Line 68, column 5 to line 68, column 9 in project
4. Line 68, column 5 to line 68, column 8 in project


@!@!@ENDMSG 2103 @!@!@
@!@!@STARTMSG 2201:0 @!@!@
The coverage statistics at 2023-01-26 21:18:39
@!@!@ENDMSG 2201 @!@!@
@!@!@STARTMSG 2773:0 @!@!@
<Init line 18, col 1 to line 18, col 4 of module project>: 1:1
@!@!@ENDMSG 2773 @!@!@
@!@!@STARTMSG 2221:0 @!@!@
  line 18, col 9 to line 19, col 25 of module project: 1
@!@!@ENDMSG 2221 @!@!@
@!@!@STARTMSG 2772:0 @!@!@
<Next line 64, col 1 to line 64, col 4 of module project>: 0:0
@!@!@ENDMSG 2772 @!@!@
@!@!@STARTMSG 2221:0 @!@!@
  line 65, col 4 to line 65, col 15 of module project: 2
@!@!@ENDMSG 2221 @!@!@
@!@!@STARTMSG 2221:0 @!@!@
  line 66, col 21 to line 66, col 32 of module project: 0
@!@!@ENDMSG 2221 @!@!@
@!@!@STARTMSG 2221:0 @!@!@
  line 66, col 37 to line 66, col 46 of module project: 0
@!@!@ENDMSG 2221 @!@!@
@!@!@STARTMSG 2221:0 @!@!@
  line 68, col 3 to line 68, col 51 of module project: 2
@!@!@ENDMSG 2221 @!@!@
@!@!@STARTMSG 2202:0 @!@!@
End of statistics.
@!@!@ENDMSG 2202 @!@!@
@!@!@STARTMSG 2200:0 @!@!@
Progress(1) at 2023-01-26 21:18:39: 1 states generated (74 s/min), 1 distinct states found (74 ds/min), 0 states left on queue.
@!@!@ENDMSG 2200 @!@!@
@!@!@STARTMSG 2199:0 @!@!@
1 states generated, 1 distinct states found, 0 states left on queue.
@!@!@ENDMSG 2199 @!@!@
@!@!@STARTMSG 2186:0 @!@!@
Finished in 814ms at (2023-01-26 21:18:39)
@!@!@ENDMSG 2186 @!@!@
